<?xml version="1.0" encoding="UTF-8"?>
<testsuite xmlns:xsi="http://www.w3.org/2001/XMLSchema-instance" xsi:noNamespaceSchemaLocation="https://maven.apache.org/surefire/maven-surefire-plugin/xsd/surefire-test-report.xsd" name="org.sonatype.mavenbook.ch03.AppTest" time="0.027" tests="2" errors="0" skipped="0" failures="0">
  <properties>
    <property name="sun.desktop" value="windows"/>
    <property name="awt.toolkit" value="sun.awt.windows.WToolkit"/>
    <property name="file.encoding.pkg" value="sun.io"/>
    <property name="java.specification.version" value="1.8"/>
    <property name="sun.cpu.isalist" value="amd64"/>
    <property name="sun.jnu.encoding" value="Cp1252"/>
    <property name="java.class.path" value="C:\Users\GPenev\Desktop\Practice\maven\simple-parent\simple\target\test-classes;C:\Users\GPenev\Desktop\Practice\maven\simple-parent\simple\target\classes;C:\windows\system32\config\systemprofile\.m2\repository\commons-io\commons-io\1.3.2\commons-io-1.3.2.jar;C:\windows\system32\config\systemprofile\.m2\repository\log4j\log4j\1.2.14\log4j-1.2.14.jar;C:\windows\system32\config\systemprofile\.m2\repository\dom4j\dom4j\1.6.1\dom4j-1.6.1.jar;C:\windows\system32\config\systemprofile\.m2\repository\xml-apis\xml-apis\1.0.b2\xml-apis-1.0.b2.jar;C:\windows\system32\config\systemprofile\.m2\repository\jaxen\jaxen\1.1.1\jaxen-1.1.1.jar;C:\windows\system32\config\systemprofile\.m2\repository\jdom\jdom\1.0\jdom-1.0.jar;C:\windows\system32\config\systemprofile\.m2\repository\xerces\xercesImpl\2.6.2\xercesImpl-2.6.2.jar;C:\windows\system32\config\systemprofile\.m2\repository\xom\xom\1.0\xom-1.0.jar;C:\windows\system32\config\systemprofile\.m2\repository\xerces\xmlParserAPIs\2.6.2\xmlParserAPIs-2.6.2.jar;C:\windows\system32\config\systemprofile\.m2\repository\xalan\xalan\2.6.0\xalan-2.6.0.jar;C:\windows\system32\config\systemprofile\.m2\repository\com\ibm\icu\icu4j\2.6.1\icu4j-2.6.1.jar;C:\windows\system32\config\systemprofile\.m2\repository\velocity\velocity\1.5\velocity-1.5.jar;C:\windows\system32\config\systemprofile\.m2\repository\commons-collections\commons-collections\3.1\commons-collections-3.1.jar;C:\windows\system32\config\systemprofile\.m2\repository\commons-lang\commons-lang\2.1\commons-lang-2.1.jar;C:\windows\system32\config\systemprofile\.m2\repository\oro\oro\2.0.8\oro-2.0.8.jar;C:\windows\system32\config\systemprofile\.m2\repository\junit\junit\4.11\junit-4.11.jar;C:\windows\system32\config\systemprofile\.m2\repository\org\hamcrest\hamcrest-core\1.3\hamcrest-core-1.3.jar;"/>
    <property name="java.vm.vendor" value="Oracle Corporation"/>
    <property name="sun.arch.data.model" value="64"/>
    <property name="user.variant" value=""/>
    <property name="java.vendor.url" value="http://java.oracle.com/"/>
    <property name="user.timezone" value="Europe/Helsinki"/>
    <property name="java.vm.specification.version" value="1.8"/>
    <property name="os.name" value="Windows 10"/>
    <property name="user.country" value="US"/>
    <property name="sun.java.launcher" value="SUN_STANDARD"/>
    <property name="sun.boot.library.path" value="C:\Program Files\Java\jdk1.8.0_191\jre\bin"/>
    <property name="sun.java.command" value="C:\windows\TEMP\surefire1023001704504739683\surefirebooter2575990137360334220.jar C:\Windows\Temp\surefire1023001704504739683 2019-08-13T17-33-46_788-jvmRun1 surefire6325381091757029253tmp surefire_06746691433959968967tmp"/>
    <property name="surefire.test.class.path" value="C:\Users\GPenev\Desktop\Practice\maven\simple-parent\simple\target\test-classes;C:\Users\GPenev\Desktop\Practice\maven\simple-parent\simple\target\classes;C:\windows\system32\config\systemprofile\.m2\repository\commons-io\commons-io\1.3.2\commons-io-1.3.2.jar;C:\windows\system32\config\systemprofile\.m2\repository\log4j\log4j\1.2.14\log4j-1.2.14.jar;C:\windows\system32\config\systemprofile\.m2\repository\dom4j\dom4j\1.6.1\dom4j-1.6.1.jar;C:\windows\system32\config\systemprofile\.m2\repository\xml-apis\xml-apis\1.0.b2\xml-apis-1.0.b2.jar;C:\windows\system32\config\systemprofile\.m2\repository\jaxen\jaxen\1.1.1\jaxen-1.1.1.jar;C:\windows\system32\config\systemprofile\.m2\repository\jdom\jdom\1.0\jdom-1.0.jar;C:\windows\system32\config\systemprofile\.m2\repository\xerces\xercesImpl\2.6.2\xercesImpl-2.6.2.jar;C:\windows\system32\config\systemprofile\.m2\repository\xom\xom\1.0\xom-1.0.jar;C:\windows\system32\config\systemprofile\.m2\repository\xerces\xmlParserAPIs\2.6.2\xmlParserAPIs-2.6.2.jar;C:\windows\system32\config\systemprofile\.m2\repository\xalan\xalan\2.6.0\xalan-2.6.0.jar;C:\windows\system32\config\systemprofile\.m2\repository\com\ibm\icu\icu4j\2.6.1\icu4j-2.6.1.jar;C:\windows\system32\config\systemprofile\.m2\repository\velocity\velocity\1.5\velocity-1.5.jar;C:\windows\system32\config\systemprofile\.m2\repository\commons-collections\commons-collections\3.1\commons-collections-3.1.jar;C:\windows\system32\config\systemprofile\.m2\repository\commons-lang\commons-lang\2.1\commons-lang-2.1.jar;C:\windows\system32\config\systemprofile\.m2\repository\oro\oro\2.0.8\oro-2.0.8.jar;C:\windows\system32\config\systemprofile\.m2\repository\junit\junit\4.11\junit-4.11.jar;C:\windows\system32\config\systemprofile\.m2\repository\org\hamcrest\hamcrest-core\1.3\hamcrest-core-1.3.jar;"/>
    <property name="sun.cpu.endian" value="little"/>
    <property name="user.home" value="C:\windows\system32\config\systemprofile"/>
    <property name="user.language" value="en"/>
    <property name="java.specification.vendor" value="Oracle Corporation"/>
    <property name="java.home" value="C:\Program Files\Java\jdk1.8.0_191\jre"/>
    <property name="basedir" value="C:\Users\GPenev\Desktop\Practice\maven\simple-parent\simple"/>
    <property name="file.separator" value="\"/>
    <property name="line.separator" value="&#10;"/>
    <property name="java.vm.specification.vendor" value="Oracle Corporation"/>
    <property name="java.specification.name" value="Java Platform API Specification"/>
    <property name="java.awt.graphicsenv" value="sun.awt.Win32GraphicsEnvironment"/>
    <property name="surefire.real.class.path" value="C:\windows\TEMP\surefire1023001704504739683\surefirebooter2575990137360334220.jar"/>
    <property name="sun.boot.class.path" value="C:\Program Files\Java\jdk1.8.0_191\jre\lib\resources.jar;C:\Program Files\Java\jdk1.8.0_191\jre\lib\rt.jar;C:\Program Files\Java\jdk1.8.0_191\jre\lib\sunrsasign.jar;C:\Program Files\Java\jdk1.8.0_191\jre\lib\jsse.jar;C:\Program Files\Java\jdk1.8.0_191\jre\lib\jce.jar;C:\Program Files\Java\jdk1.8.0_191\jre\lib\charsets.jar;C:\Program Files\Java\jdk1.8.0_191\jre\lib\jfr.jar;C:\Program Files\Java\jdk1.8.0_191\jre\classes"/>
    <property name="user.script" value=""/>
    <property name="sun.management.compiler" value="HotSpot 64-Bit Tiered Compilers"/>
    <property name="java.runtime.version" value="1.8.0_191-b12"/>
    <property name="user.name" value="BG-301835$"/>
    <property name="path.separator" value=";"/>
    <property name="os.version" value="10.0"/>
    <property name="java.endorsed.dirs" value="C:\Program Files\Java\jdk1.8.0_191\jre\lib\endorsed"/>
    <property name="java.runtime.name" value="Java(TM) SE Runtime Environment"/>
    <property name="file.encoding" value="Cp1252"/>
    <property name="java.vm.name" value="Java HotSpot(TM) 64-Bit Server VM"/>
    <property name="localRepository" value="C:\windows\system32\config\systemprofile\.m2\repository"/>
    <property name="java.vendor.url.bug" value="http://bugreport.sun.com/bugreport/"/>
    <property name="java.io.tmpdir" value="C:\windows\TEMP\"/>
    <property name="java.version" value="1.8.0_191"/>
    <property name="user.dir" value="C:\Users\GPenev\Desktop\Practice\maven\simple-parent\simple"/>
    <property name="os.arch" value="amd64"/>
    <property name="java.vm.specification.name" value="Java Virtual Machine Specification"/>
    <property name="java.awt.printerjob" value="sun.awt.windows.WPrinterJob"/>
    <property name="sun.os.patch.level" value=""/>
    <property name="java.library.path" value="C:\Program Files\Java\jdk1.8.0_191\jre\bin;C:\windows\Sun\Java\bin;C:\windows\system32;C:\windows;C:\ProgramData\Boxstarter;C:\Program Files (x86)\Common Files\Oracle\Java\javapath;C:\Program Files (x86)\Intel\iCLS Client\;C:\Program Files\Intel\iCLS Client\;C:\ProgramData\Oracle\Java\javapath;C:\windows\system32;C:\windows;C:\windows\System32\Wbem;C:\windows\System32\WindowsPowerShell\v1.0\;C:\WINDOWS\CCM;C:\WINDOWS\CCM;C:\Program Files (x86)\Intel\Intel(R) Management Engine Components\DAL;C:\Program Files\Intel\Intel(R) Management Engine Components\DAL;C:\Program Files (x86)\Intel\Intel(R) Management Engine Components\IPT;C:\Program Files\Intel\Intel(R) Management Engine Components\IPT;C:\Program Files (x86)\Subversion\bin;C:\ProgramData\chocolatey\bin;C:\Program Files\Git\cmd;C:\Program Files\TortoiseSVN\bin;C:\Program Files (x86)\Webex\Webex\Applications;C:\Program Files\Microsoft SQL Server\Client SDK\ODBC\130\Tools\Binn\;C:\Program Files (x86)\Microsoft SQL Server\140\Tools\Binn\;C:\Program Files\Microsoft SQL Server\140\Tools\Binn\;C:\Program Files\Microsoft SQL Server\140\DTS\Binn\;C:\Users\GPenev\Desktop\Practice\JS\electronTest\ffmpeg-20181208-6b1c4ce-win64-static\bin;C:\Program Files\Intel\WiFi\bin\;C:\Program Files\Common Files\Intel\WirelessCommon\;C:\maven\apache-maven-3.6.0\bin;C:\Program Files\Java\jdk1.8.0_191\bin;C:\Program Files\MongoDB\Server\4.0\bin;C:\Program Files (x86)\GitExtensions\;C:\Program Files\nodejs\;C:\windows\system32\config\systemprofile\AppData\Local\Microsoft\WindowsApps;."/>
    <property name="java.vm.info" value="mixed mode"/>
    <property name="java.vendor" value="Oracle Corporation"/>
    <property name="java.vm.version" value="25.191-b12"/>
    <property name="java.ext.dirs" value="C:\Program Files\Java\jdk1.8.0_191\jre\lib\ext;C:\windows\Sun\Java\lib\ext"/>
    <property name="sun.io.unicode.encoding" value="UnicodeLittle"/>
    <property name="java.class.version" value="52.0"/>
  </properties>
  <testcase name="shouldAnswerWithTrue" classname="org.sonatype.mavenbook.ch03.AppTest" time="0.002"/>
  <testcase name="shouldEqualIvan" classname="org.sonatype.mavenbook.ch03.AppTest" time="0"/>
</testsuite>